0 info it worked if it ends with ok
1 verbose cli [ 'node',
1 verbose cli   '/usr/local/bin/npm',
1 verbose cli   'install',
1 verbose cli   'gulp-minify-css',
1 verbose cli   '--save' ]
2 info using npm@1.4.28
3 info using node@v0.10.33
4 verbose readDependencies using package.json deps
5 verbose cache add [ 'gulp-minify-css', null ]
6 verbose cache add name=undefined spec="gulp-minify-css" args=["gulp-minify-css",null]
7 verbose parsed url { protocol: null,
7 verbose parsed url   slashes: null,
7 verbose parsed url   auth: null,
7 verbose parsed url   host: null,
7 verbose parsed url   port: null,
7 verbose parsed url   hostname: null,
7 verbose parsed url   hash: null,
7 verbose parsed url   search: null,
7 verbose parsed url   query: null,
7 verbose parsed url   pathname: 'gulp-minify-css',
7 verbose parsed url   path: 'gulp-minify-css',
7 verbose parsed url   href: 'gulp-minify-css' }
8 silly lockFile 6bf44555-gulp-minify-css gulp-minify-css
9 verbose lock gulp-minify-css /Users/Dami/.npm/6bf44555-gulp-minify-css.lock
10 silly lockFile 6bf44555-gulp-minify-css gulp-minify-css
11 silly lockFile 6bf44555-gulp-minify-css gulp-minify-css
12 verbose addNamed [ 'gulp-minify-css', '' ]
13 verbose addNamed [ null, '*' ]
14 silly lockFile 37de6304-gulp-minify-css gulp-minify-css@
15 verbose lock gulp-minify-css@ /Users/Dami/.npm/37de6304-gulp-minify-css.lock
16 silly addNameRange { name: 'gulp-minify-css', range: '*', hasData: false }
17 verbose request where is /gulp-minify-css
18 verbose request registry https://registry.npmjs.org/
19 verbose request id 02813a25731e6cac
20 verbose url raw /gulp-minify-css
21 verbose url resolving [ 'https://registry.npmjs.org/', './gulp-minify-css' ]
22 verbose url resolved https://registry.npmjs.org/gulp-minify-css
23 verbose request where is https://registry.npmjs.org/gulp-minify-css
24 info trying registry request attempt 1 at 10:26:34
25 http GET https://registry.npmjs.org/gulp-minify-css
26 http 200 https://registry.npmjs.org/gulp-minify-css
27 silly registry.get cb [ 200,
27 silly registry.get   { date: 'Sat, 20 Dec 2014 09:26:34 GMT',
27 silly registry.get     server: 'CouchDB/1.5.0 (Erlang OTP/R16B03)',
27 silly registry.get     etag: '"TTE2AHEUOKOQTHUT2YQSW0L2"',
27 silly registry.get     'content-type': 'application/json',
27 silly registry.get     'cache-control': 'max-age=60',
27 silly registry.get     'content-length': '22073',
27 silly registry.get     'accept-ranges': 'bytes',
27 silly registry.get     via: '1.1 varnish',
27 silly registry.get     age: '37',
27 silly registry.get     'x-served-by': 'cache-fra1231-FRA',
27 silly registry.get     'x-cache': 'HIT',
27 silly registry.get     'x-cache-hits': '1',
27 silly registry.get     'x-timer': 'S1419067594.840614,VS0,VE0',
27 silly registry.get     vary: 'Accept',
27 silly registry.get     'keep-alive': 'timeout=10, max=50',
27 silly registry.get     connection: 'Keep-Alive' } ]
28 silly addNameRange number 2 { name: 'gulp-minify-css', range: '*', hasData: true }
29 silly addNameRange versions [ 'gulp-minify-css',
29 silly addNameRange   [ '0.0.1',
29 silly addNameRange     '0.1.0',
29 silly addNameRange     '0.2.0',
29 silly addNameRange     '0.3.0',
29 silly addNameRange     '0.3.1',
29 silly addNameRange     '0.3.2',
29 silly addNameRange     '0.3.3',
29 silly addNameRange     '0.3.4',
29 silly addNameRange     '0.3.5',
29 silly addNameRange     '0.3.6',
29 silly addNameRange     '0.3.7',
29 silly addNameRange     '0.3.8',
29 silly addNameRange     '0.3.9',
29 silly addNameRange     '0.3.10',
29 silly addNameRange     '0.3.11' ] ]
30 verbose addNamed [ 'gulp-minify-css', '0.3.11' ]
31 verbose addNamed [ '0.3.11', '0.3.11' ]
32 silly lockFile 45873031-gulp-minify-css-0-3-11 gulp-minify-css@0.3.11
33 verbose lock gulp-minify-css@0.3.11 /Users/Dami/.npm/45873031-gulp-minify-css-0-3-11.lock
34 silly lockFile ae01cb9a-y-css-gulp-minify-css-0-3-11-tgz https://registry.npmjs.org/gulp-minify-css/-/gulp-minify-css-0.3.11.tgz
35 verbose lock https://registry.npmjs.org/gulp-minify-css/-/gulp-minify-css-0.3.11.tgz /Users/Dami/.npm/ae01cb9a-y-css-gulp-minify-css-0-3-11-tgz.lock
36 verbose addRemoteTarball [ 'https://registry.npmjs.org/gulp-minify-css/-/gulp-minify-css-0.3.11.tgz',
36 verbose addRemoteTarball   'e2133aaacb09e8ac439e2e398483cde35e323b76' ]
37 info retry fetch attempt 1 at 10:26:34
38 verbose fetch to= /var/folders/k0/7vpjddrs3vbfpf51h4_gy3h80000gn/T/npm-8346-J5c-44fy/registry.npmjs.org/gulp-minify-css/-/gulp-minify-css-0.3.11.tgz
39 http GET https://registry.npmjs.org/gulp-minify-css/-/gulp-minify-css-0.3.11.tgz
40 http 200 https://registry.npmjs.org/gulp-minify-css/-/gulp-minify-css-0.3.11.tgz
41 silly lockFile ae01cb9a-y-css-gulp-minify-css-0-3-11-tgz https://registry.npmjs.org/gulp-minify-css/-/gulp-minify-css-0.3.11.tgz
42 silly lockFile ae01cb9a-y-css-gulp-minify-css-0-3-11-tgz https://registry.npmjs.org/gulp-minify-css/-/gulp-minify-css-0.3.11.tgz
43 silly lockFile 45873031-gulp-minify-css-0-3-11 gulp-minify-css@0.3.11
44 silly lockFile 45873031-gulp-minify-css-0-3-11 gulp-minify-css@0.3.11
45 silly lockFile 37de6304-gulp-minify-css gulp-minify-css@
46 silly lockFile 37de6304-gulp-minify-css gulp-minify-css@
47 silly resolved [ { name: 'gulp-minify-css',
47 silly resolved     description: 'Minify css with clean-css.',
47 silly resolved     version: '0.3.11',
47 silly resolved     repository:
47 silly resolved      { type: 'git',
47 silly resolved        url: 'https://github.com/jonathanepollack/gulp-minify-css.git' },
47 silly resolved     homepage: 'https://github.com/jonathanepollack/gulp-minify-css',
47 silly resolved     keywords: [ 'gulpplugin', 'minify', 'css' ],
47 silly resolved     main: './index.js',
47 silly resolved     engines: { node: '>= 0.10' },
47 silly resolved     scripts: { test: 'mocha' },
47 silly resolved     dependencies:
47 silly resolved      { 'gulp-util': '~3.0.1',
47 silly resolved        'clean-css': '~2.2.13',
47 silly resolved        through2: '^0.6.1',
47 silly resolved        bufferstreams: '0.0.2',
47 silly resolved        'memory-cache': '0.0.5' },
47 silly resolved     devDependencies:
47 silly resolved      { mocha: '^1.21.4',
47 silly resolved        chai: '^1.9.0',
47 silly resolved        gulp: '^3.8.8',
47 silly resolved        proxyquire: '^1.0.1',
47 silly resolved        'event-stream': '^3.1.0' },
47 silly resolved     licenses: [ [Object] ],
47 silly resolved     gitHead: '34d635ee73d092faece427cb7833cedc3eff67a0',
47 silly resolved     bugs: { url: 'https://github.com/jonathanepollack/gulp-minify-css/issues' },
47 silly resolved     _id: 'gulp-minify-css@0.3.11',
47 silly resolved     _shasum: 'e2133aaacb09e8ac439e2e398483cde35e323b76',
47 silly resolved     _from: 'gulp-minify-css@',
47 silly resolved     _npmVersion: '1.4.16',
47 silly resolved     _npmUser:
47 silly resolved      { name: 'jonathanepollack',
47 silly resolved        email: 'jonathanepollack@gmail.com' },
47 silly resolved     maintainers: [ [Object] ],
47 silly resolved     dist:
47 silly resolved      { shasum: 'e2133aaacb09e8ac439e2e398483cde35e323b76',
47 silly resolved        tarball: 'http://registry.npmjs.org/gulp-minify-css/-/gulp-minify-css-0.3.11.tgz' },
47 silly resolved     directories: {},
47 silly resolved     _resolved: 'https://registry.npmjs.org/gulp-minify-css/-/gulp-minify-css-0.3.11.tgz' } ]
48 info install gulp-minify-css@0.3.11 into /Users/Dami/Workspace/agorasturias
49 info installOne gulp-minify-css@0.3.11
50 verbose node_modules/gulp-minify-css unbuild
51 verbose tar unpack /Users/Dami/.npm/gulp-minify-css/0.3.11/package.tgz
52 silly lockFile 8399aa00-ias-node-modules-gulp-minify-css tar:///Users/Dami/Workspace/agorasturias/node_modules/gulp-minify-css
53 verbose lock tar:///Users/Dami/Workspace/agorasturias/node_modules/gulp-minify-css /Users/Dami/.npm/8399aa00-ias-node-modules-gulp-minify-css.lock
54 silly lockFile 1eafc75a-lp-minify-css-0-3-11-package-tgz tar:///Users/Dami/.npm/gulp-minify-css/0.3.11/package.tgz
55 verbose lock tar:///Users/Dami/.npm/gulp-minify-css/0.3.11/package.tgz /Users/Dami/.npm/1eafc75a-lp-minify-css-0-3-11-package-tgz.lock
56 silly gunzTarPerm modes [ '755', '644' ]
57 error Error: EACCES, mkdir '/Users/Dami/Workspace/agorasturias/node_modules/gulp-minify-css'
57 error  { [Error: EACCES, mkdir '/Users/Dami/Workspace/agorasturias/node_modules/gulp-minify-css']
57 error   errno: 3,
57 error   code: 'EACCES',
57 error   path: '/Users/Dami/Workspace/agorasturias/node_modules/gulp-minify-css',
57 error   fstream_type: 'Directory',
57 error   fstream_path: '/Users/Dami/Workspace/agorasturias/node_modules/gulp-minify-css',
57 error   fstream_class: 'DirWriter',
57 error   fstream_stack:
57 error    [ '/usr/local/lib/node_modules/npm/node_modules/fstream/lib/dir-writer.js:36:23',
57 error      '/usr/local/lib/node_modules/npm/node_modules/mkdirp/index.js:46:53',
57 error      'Object.oncomplete (fs.js:107:15)' ] }
58 error Please try running this command again as root/Administrator.
59 error System Darwin 14.0.0
60 error command "node" "/usr/local/bin/npm" "install" "gulp-minify-css" "--save"
61 error cwd /Users/Dami/Workspace/agorasturias
62 error node -v v0.10.33
63 error npm -v 1.4.28
64 error path /Users/Dami/Workspace/agorasturias/node_modules/gulp-minify-css
65 error fstream_path /Users/Dami/Workspace/agorasturias/node_modules/gulp-minify-css
66 error fstream_type Directory
67 error fstream_class DirWriter
68 error code EACCES
69 error errno 3
70 error stack Error: EACCES, mkdir '/Users/Dami/Workspace/agorasturias/node_modules/gulp-minify-css'
71 error fstream_stack /usr/local/lib/node_modules/npm/node_modules/fstream/lib/dir-writer.js:36:23
71 error fstream_stack /usr/local/lib/node_modules/npm/node_modules/mkdirp/index.js:46:53
71 error fstream_stack Object.oncomplete (fs.js:107:15)
72 verbose exit [ 3, true ]
